<?xml version="1.0" encoding="UTF-8" ?>
<!--
  Copyright (c) 2011 Adrian Cristian Ionescu.
  All rights reserved. This program and the accompanying materials
  are made available under the terms of the GNU Lesser Public License v2.1
  which accompanies this distribution, and is available at
  http://www.gnu.org/licenses/old-licenses/gpl-2.0.html
  
  Contributors:
      Adrian Cristian Ionescu - initial API and implementation
-->
<testsuite failures="0" time="0.04" errors="1" skipped="0" tests="1" name="ro.zg.mdb.test.CommandsTest">
  <properties>
[...]
</properties>
  <testcase time="0.036" classname="ro.zg.mdb.test.CommandsTest" name="testCommandBuilder">
    <error type="java.lang.NullPointerException">java.lang.NullPointerException
	at ro.zg.mdb.core.meta.PersistentDataManager.getPersistenceManager(PersistentDataManager.java:28)
	at ro.zg.mdb.core.meta.ObjectDataManagersRepository.getObjectDataManager(ObjectDataManagersRepository.java:39)
	at ro.zg.mdb.core.meta.SchemaContext.getObjectDataManager(SchemaContext.java:45)
	at ro.zg.mdb.core.meta.TransactionManager.getObjectDataManager(TransactionManager.java:183)
	at ro.zg.mdb.core.meta.TransactionManager.readAllObjects(TransactionManager.java:222)
	at ro.zg.mdb.commands.processors.FindProcessor.processAll(FindProcessor.java:27)
	at ro.zg.mdb.commands.processors.FindProcessor.processAll(FindProcessor.java:19)
	at ro.zg.mdb.commands.processors.FilteredCommandProcessor.process(FilteredCommandProcessor.java:69)
	at ro.zg.mdb.core.meta.ObjectDataManager.find(ObjectDataManager.java:52)
	at ro.zg.mdb.commands.GetCommand.execute(GetCommand.java:39)
	at ro.zg.mdb.test.CommandsTest.testCommandBuilder(CommandsTest.java:30)
	at sun.reflect.NativeMethodAccessorImpl.invoke0(Native Method)
	at sun.reflect.NativeMethodAccessorImpl.invoke(NativeMethodAccessorImpl.java:57)
	at sun.reflect.DelegatingMethodAccessorImpl.invoke(DelegatingMethodAccessorImpl.java:43)
	at java.lang.reflect.Method.invoke(Method.java:616)
	at org.junit.runners.model.FrameworkMethod$1.runReflectiveCall(FrameworkMethod.java:44)
	at org.junit.internal.runners.model.ReflectiveCallable.run(ReflectiveCallable.java:15)
	at org.junit.runners.model.FrameworkMethod.invokeExplosively(FrameworkMethod.java:41)
	at org.junit.internal.runners.statements.InvokeMethod.evaluate(InvokeMethod.java:20)
	at org.junit.runners.BlockJUnit4ClassRunner.runNotIgnored(BlockJUnit4ClassRunner.java:79)
	at org.junit.runners.BlockJUnit4ClassRunner.runChild(BlockJUnit4ClassRunner.java:71)
	at org.junit.runners.BlockJUnit4ClassRunner.runChild(BlockJUnit4ClassRunner.java:49)
	at org.junit.runners.ParentRunner$3.run(ParentRunner.java:193)
	at org.junit.runners.ParentRunner$1.schedule(ParentRunner.java:52)
	at org.junit.runners.ParentRunner.runChildren(ParentRunner.java:191)
	at org.junit.runners.ParentRunner.access$000(ParentRunner.java:42)
	at org.junit.runners.ParentRunner$2.evaluate(ParentRunner.java:184)
	at org.junit.runners.ParentRunner.run(ParentRunner.java:236)
	at org.apache.maven.surefire.junit4.JUnit4TestSet.execute(JUnit4TestSet.java:35)
	at org.apache.maven.surefire.junit4.JUnit4Provider.executeTestSet(JUnit4Provider.java:146)
	at org.apache.maven.surefire.junit4.JUnit4Provider.invoke(JUnit4Provider.java:97)
	at sun.reflect.NativeMethodAccessorImpl.invoke0(Native Method)
	at sun.reflect.NativeMethodAccessorImpl.invoke(NativeMethodAccessorImpl.java:57)
	at sun.reflect.DelegatingMethodAccessorImpl.invoke(DelegatingMethodAccessorImpl.java:43)
	at java.lang.reflect.Method.invoke(Method.java:616)
	at org.apache.maven.surefire.booter.ProviderFactory$ClassLoaderProxy.invoke(ProviderFactory.java:103)
	at $Proxy0.invoke(Unknown Source)
	at org.apache.maven.surefire.booter.SurefireStarter.invokeProvider(SurefireStarter.java:145)
	at org.apache.maven.surefire.booter.SurefireStarter.runSuitesInProcess(SurefireStarter.java:87)
	at org.apache.maven.surefire.booter.ForkedBooter.main(ForkedBooter.java:69)
</error>
    <system-out>@SLTests run: 1, Failures: 1, Errors: 0, Skipped: 0, Time elapsed: 0.016 sec &lt;&lt;&lt; FAILURE!
@SLRunning ro.zg.mdb.test.CommandsTest
</system-out>
  </testcase>
</testsuite>
